<?xml version="1.0" encoding="UTF-8"?>
<testsuite xmlns:xsi="http://www.w3.org/2001/XMLSchema-instance" xsi:noNamespaceSchemaLocation="https://maven.apache.org/surefire/maven-surefire-plugin/xsd/surefire-test-report-3.0.xsd" version="3.0" name="com.example.AppTest" time="0.053" tests="2" errors="0" skipped="0" failures="1">
  <properties>
    <property name="sun.desktop" value="windows"/>
    <property name="awt.toolkit" value="sun.awt.windows.WToolkit"/>
    <property name="java.specification.version" value="11"/>
    <property name="sun.cpu.isalist" value="amd64"/>
    <property name="sun.jnu.encoding" value="Cp1252"/>
    <property name="java.class.path" value="C:\Users\Valeriia\RiderProjects\patterns\java-task\target\test-classes;C:\Users\Valeriia\RiderProjects\patterns\java-task\target\classes;C:\Users\Valeriia\.m2\repository\org\junit\jupiter\junit-jupiter-api\5.8.2\junit-jupiter-api-5.8.2.jar;C:\Users\Valeriia\.m2\repository\org\opentest4j\opentest4j\1.2.0\opentest4j-1.2.0.jar;C:\Users\Valeriia\.m2\repository\org\junit\platform\junit-platform-commons\1.8.2\junit-platform-commons-1.8.2.jar;C:\Users\Valeriia\.m2\repository\org\apiguardian\apiguardian-api\1.1.2\apiguardian-api-1.1.2.jar;C:\Users\Valeriia\.m2\repository\org\junit\jupiter\junit-jupiter-engine\5.8.2\junit-jupiter-engine-5.8.2.jar;C:\Users\Valeriia\.m2\repository\org\junit\platform\junit-platform-engine\1.8.2\junit-platform-engine-1.8.2.jar;"/>
    <property name="java.vm.vendor" value="Microsoft"/>
    <property name="sun.arch.data.model" value="64"/>
    <property name="user.variant" value=""/>
    <property name="java.vendor.url" value="https://www.microsoft.com"/>
    <property name="user.timezone" value="Europe/Helsinki"/>
    <property name="user.country.format" value="UA"/>
    <property name="java.vm.specification.version" value="11"/>
    <property name="os.name" value="Windows 11"/>
    <property name="sun.java.launcher" value="SUN_STANDARD"/>
    <property name="user.country" value="US"/>
    <property name="sun.boot.library.path" value="C:\Program Files\Microsoft\jdk-11.0.16.101-hotspot\bin"/>
    <property name="sun.java.command" value="C:\Users\Valeriia\AppData\Local\Temp\surefire6025073559806993581\surefirebooter4938847321307786311.jar C:\Users\Valeriia\AppData\Local\Temp\surefire6025073559806993581 2024-11-16T19-32-11_774-jvmRun1 surefire10726935640563916425tmp surefire_05740090994861322567tmp"/>
    <property name="jdk.debug" value="release"/>
    <property name="surefire.test.class.path" value="C:\Users\Valeriia\RiderProjects\patterns\java-task\target\test-classes;C:\Users\Valeriia\RiderProjects\patterns\java-task\target\classes;C:\Users\Valeriia\.m2\repository\org\junit\jupiter\junit-jupiter-api\5.8.2\junit-jupiter-api-5.8.2.jar;C:\Users\Valeriia\.m2\repository\org\opentest4j\opentest4j\1.2.0\opentest4j-1.2.0.jar;C:\Users\Valeriia\.m2\repository\org\junit\platform\junit-platform-commons\1.8.2\junit-platform-commons-1.8.2.jar;C:\Users\Valeriia\.m2\repository\org\apiguardian\apiguardian-api\1.1.2\apiguardian-api-1.1.2.jar;C:\Users\Valeriia\.m2\repository\org\junit\jupiter\junit-jupiter-engine\5.8.2\junit-jupiter-engine-5.8.2.jar;C:\Users\Valeriia\.m2\repository\org\junit\platform\junit-platform-engine\1.8.2\junit-platform-engine-1.8.2.jar;"/>
    <property name="sun.cpu.endian" value="little"/>
    <property name="user.home" value="C:\Users\Valeriia"/>
    <property name="user.language" value="en"/>
    <property name="java.specification.vendor" value="Oracle Corporation"/>
    <property name="java.version.date" value="2022-08-12"/>
    <property name="java.home" value="C:\Program Files\Microsoft\jdk-11.0.16.101-hotspot"/>
    <property name="file.separator" value="\"/>
    <property name="basedir" value="C:\Users\Valeriia\RiderProjects\patterns\java-task"/>
    <property name="java.vm.compressedOopsMode" value="32-bit"/>
    <property name="line.separator" value="&#10;"/>
    <property name="java.specification.name" value="Java Platform API Specification"/>
    <property name="java.vm.specification.vendor" value="Oracle Corporation"/>
    <property name="java.awt.graphicsenv" value="sun.awt.Win32GraphicsEnvironment"/>
    <property name="surefire.real.class.path" value="C:\Users\Valeriia\AppData\Local\Temp\surefire6025073559806993581\surefirebooter4938847321307786311.jar"/>
    <property name="user.script" value=""/>
    <property name="sun.management.compiler" value="HotSpot 64-Bit Tiered Compilers"/>
    <property name="java.runtime.version" value="11.0.16.1+1-LTS"/>
    <property name="user.name" value="Valeriia"/>
    <property name="path.separator" value=";"/>
    <property name="os.version" value="10.0"/>
    <property name="java.runtime.name" value="OpenJDK Runtime Environment"/>
    <property name="file.encoding" value="Cp1252"/>
    <property name="java.vm.name" value="OpenJDK 64-Bit Server VM"/>
    <property name="java.vendor.version" value="Microsoft-40648"/>
    <property name="localRepository" value="C:\Users\Valeriia\.m2\repository"/>
    <property name="java.vendor.url.bug" value="https://github.com/microsoft/openjdk/issues"/>
    <property name="java.io.tmpdir" value="C:\Users\Valeriia\AppData\Local\Temp\"/>
    <property name="java.version" value="11.0.16.1"/>
    <property name="user.dir" value="C:\Users\Valeriia\RiderProjects\patterns\java-task"/>
    <property name="os.arch" value="amd64"/>
    <property name="java.vm.specification.name" value="Java Virtual Machine Specification"/>
    <property name="java.awt.printerjob" value="sun.awt.windows.WPrinterJob"/>
    <property name="user.language.format" value="uk"/>
    <property name="sun.os.patch.level" value=""/>
    <property name="java.library.path" value="C:\Program Files\Microsoft\jdk-11.0.16.101-hotspot\bin;C:\WINDOWS\Sun\Java\bin;C:\WINDOWS\system32;C:\WINDOWS;C:\Program Files\Microsoft\jdk-11.0.16.101-hotspot\bin;C:\WINDOWS\system32;C:\WINDOWS;C:\WINDOWS\System32\Wbem;C:\WINDOWS\System32\WindowsPowerShell\v1.0\;C:\WINDOWS\System32\OpenSSH\;C:\Program Files\Azure Data Studio\bin;C:\Program Files\dotnet\;C:\Program Files\Docker\Docker\resources\bin;C:\Program Files\Git\cmd;C:\Program Files\nodejs\;C:\Program Files\apache-maven-3.9.9-bin\bin;C:\Users\Valeriia\AppData\Local\Microsoft\WindowsApps;C:\Program Files\JetBrains\IntelliJ IDEA 2023.2\bin;;C:\Program Files\Azure Data Studio\bin;C:\Program Files\JetBrains\JetBrains Rider 2023.2.1\bin;;C:\Users\Valeriia\.dotnet\tools;C:\Program Files\JetBrains\WebStorm 2023.2.2\bin;;C:\Users\Valeriia\PyCharm\bin;;C:\Users\Valeriia\AppData\Roaming\npm;C:\Users\Valeriia\AppData\Local\Programs\Microsoft VS Code\bin;."/>
    <property name="java.vm.info" value="mixed mode"/>
    <property name="java.vendor" value="Microsoft"/>
    <property name="java.vm.version" value="11.0.16.1+1-LTS"/>
    <property name="sun.io.unicode.encoding" value="UnicodeLittle"/>
    <property name="java.class.version" value="55.0"/>
  </properties>
  <testcase name="testFail" classname="com.example.AppTest" time="0.037">
    <failure type="org.opentest4j.AssertionFailedError"><![CDATA[org.opentest4j.AssertionFailedError: Ð¢ÐµÑ�Ñ‚ Ð¼Ð°Ñ” Ð¿Ñ€Ð¾Ð²Ð°Ð»Ð¸Ñ‚Ð¸Ñ�Ñ�, Ð¾Ñ�ÐºÑ–Ð»ÑŒÐºÐ¸ Ñ€Ñ�Ð´ÐºÐ¸ Ñ€Ñ–Ð·Ð½Ñ–! ==> expected: <Hello World!> but was: <Goodbye World!>
	at com.example.AppTest.testFail(AppTest.java:19)
]]></failure>
  </testcase>
  <testcase name="testAppPassed" classname="com.example.AppTest" time="0"/>
</testsuite>